\BOOKMARK [1][-]{Doc-Start}{\376\377\000G\000l\000o\000s\000s\000a\000r\000y}{}% 1
\BOOKMARK [1][-]{Doc-Start}{\376\377\000P\000r\000e\000f\000a\000c\000e}{}% 2
\BOOKMARK [1][-]{section.1}{\376\377\000I\000n\000t\000r\000o\000d\000u\000c\000t\000i\000o\000n}{}% 3
\BOOKMARK [2][-]{subsection.1.1}{\376\377\000O\000b\000j\000e\000c\000t\000i\000v\000e\000s}{section.1}% 4
\BOOKMARK [2][-]{subsection.1.2}{\376\377\000S\000c\000o\000p\000e}{section.1}% 5
\BOOKMARK [2][-]{subsection.1.3}{\376\377\000S\000t\000a\000t\000e\000\040\000o\000f\000\040\000t\000h\000e\000\040\000a\000r\000t}{section.1}% 6
\BOOKMARK [2][-]{subsection.1.4}{\376\377\000V\000e\000r\000a\000g\000r\000i\000d}{section.1}% 7
\BOOKMARK [2][-]{subsection.1.5}{\376\377\000P\000r\000e\000v\000i\000o\000u\000s\000\040\000r\000e\000q\000u\000i\000r\000e\000m\000e\000n\000t\000s}{section.1}% 8
\BOOKMARK [3][-]{subsubsection.1.5.1}{\376\377\000D\000y\000n\000a\000m\000i\000c\000\040\000f\000r\000a\000m\000e\000w\000o\000r\000k\000\040\000i\000n\000\040\000V\000e\000r\000a\000g\000r\000i\000d}{subsection.1.5}% 9
\BOOKMARK [3][-]{subsubsection.1.5.2}{\376\377\000S\000y\000m\000b\000o\000l\000i\000c\000\040\000f\000o\000r\000m\000u\000l\000a\000t\000i\000o\000n}{subsection.1.5}% 10
\BOOKMARK [3][-]{subsubsection.1.5.3}{\376\377\000D\000A\000E}{subsection.1.5}% 11
\BOOKMARK [1][-]{section.2}{\376\377\000S\000m\000a\000l\000l\000-\000s\000i\000g\000n\000a\000l\000\040\000s\000t\000a\000b\000i\000l\000i\000t\000y\000\040\000a\000n\000a\000l\000y\000s\000i\000s}{}% 12
\BOOKMARK [2][-]{subsection.2.1}{\376\377\000P\000o\000w\000e\000r\000\040\000s\000y\000s\000t\000e\000m\000\040\000s\000t\000a\000b\000i\000l\000i\000t\000y}{section.2}% 13
\BOOKMARK [2][-]{subsection.2.2}{\376\377\000S\000t\000a\000b\000i\000l\000i\000t\000y\000\040\000o\000f\000\040\000a\000\040\000d\000y\000n\000a\000m\000i\000c\000\040\000s\000y\000s\000t\000e\000m}{section.2}% 14
\BOOKMARK [2][-]{subsection.2.3}{\376\377\000S\000m\000a\000l\000l\000-\000S\000i\000g\000n\000a\000l\000\040\000s\000t\000a\000b\000i\000l\000i\000t\000y}{section.2}% 15
\BOOKMARK [2][-]{subsection.2.4}{\376\377\000S\000t\000a\000t\000e\000-\000s\000p\000a\000c\000e\000\040\000r\000e\000p\000r\000e\000s\000e\000n\000t\000a\000t\000i\000o\000n}{section.2}% 16
\BOOKMARK [3][-]{subsubsection.2.4.1}{\376\377\000L\000i\000n\000e\000a\000r\000i\000z\000a\000t\000i\000o\000n\000\040\000o\000f\000\040\000s\000t\000a\000t\000e\000-\000s\000p\000a\000c\000e\000\040\000m\000o\000d\000e\000l\000s}{subsection.2.4}% 17
\BOOKMARK [3][-]{subsubsection.2.4.2}{\376\377\000D\000A\000E\000\040\000t\000o\000\040\000s\000t\000a\000t\000e\000-\000s\000p\000a\000c\000e\000\040\000r\000e\000p\000r\000e\000s\000e\000n\000t\000a\000t\000i\000o\000n}{subsection.2.4}% 18
\BOOKMARK [2][-]{subsection.2.5}{\376\377\000S\000t\000a\000b\000i\000l\000i\000t\000y\000\040\000a\000s\000s\000e\000s\000s\000m\000e\000n\000t\000:\000\040\000L\000i\000a\000p\000u\000n\000o\000v\000'\000s\000\040\000f\000i\000r\000s\000t\000\040\000m\000e\000t\000h\000o\000d}{section.2}% 19
\BOOKMARK [1][-]{section.3}{\376\377\000G\000r\000i\000d\000\040\000M\000o\000d\000e\000l}{}% 20
\BOOKMARK [2][-]{subsection.3.1}{\376\377\000P\000o\000w\000e\000r\000\040\000F\000l\000o\000w\000\040\000E\000q\000u\000a\000t\000i\000o\000n\000s}{section.3}% 21
\BOOKMARK [2][-]{subsection.3.2}{\376\377\000O\000p\000e\000r\000a\000t\000i\000o\000n\000a\000l\000\040\000l\000i\000m\000i\000t\000s}{section.3}% 22
\BOOKMARK [3][-]{subsubsection.3.2.1}{\376\377\000N\000o\000d\000a\000l\000\040\000v\000o\000l\000t\000a\000g\000e\000\040\000l\000i\000m\000i\000t\000s}{subsection.3.2}% 23
\BOOKMARK [3][-]{subsubsection.3.2.2}{\376\377\000G\000e\000n\000e\000r\000a\000t\000i\000o\000n\000\040\000l\000i\000m\000i\000t\000s}{subsection.3.2}% 24
\BOOKMARK [3][-]{subsubsection.3.2.3}{\376\377\000T\000r\000a\000n\000s\000f\000o\000r\000m\000e\000r\000\040\000l\000i\000m\000i\000t\000s}{subsection.3.2}% 25
\BOOKMARK [3][-]{subsubsection.3.2.4}{\376\377\000L\000i\000n\000e\000\040\000l\000i\000m\000i\000t\000s}{subsection.3.2}% 26
\BOOKMARK [3][-]{subsubsection.3.2.5}{\376\377\000B\000o\000u\000n\000d\000\040\000s\000l\000a\000c\000k\000\040\000v\000a\000r\000i\000a\000b\000l\000e\000s}{subsection.3.2}% 27
\BOOKMARK [1][-]{section.4}{\376\377\000O\000p\000t\000i\000m\000i\000z\000a\000t\000i\000o\000n\000\040\000P\000r\000o\000b\000l\000e\000m}{}% 28
\BOOKMARK [2][-]{subsection.4.1}{\376\377\000O\000p\000t\000i\000m\000i\000z\000a\000t\000i\000o\000n\000\040\000p\000r\000o\000b\000l\000e\000m}{section.4}% 29
\BOOKMARK [2][-]{subsection.4.2}{\376\377\000I\000n\000t\000e\000r\000i\000o\000r\000\040\000P\000o\000i\000n\000t\000\040\000M\000e\000t\000h\000o\000d\000\040\000s\000o\000l\000v\000e\000r}{section.4}% 30
\BOOKMARK [2][-]{subsection.4.3}{\376\377\000P\000y\000t\000h\000o\000n\000\040\000i\000m\000p\000l\000e\000m\000e\000n\000t\000a\000t\000i\000o\000n}{section.4}% 31
\BOOKMARK [3][-]{subsubsection.4.3.1}{\376\377\000D\000e\000a\000l\000i\000n\000g\000\040\000w\000i\000t\000h\000\040\000s\000p\000a\000r\000s\000i\000t\000y}{subsection.4.3}% 32
\BOOKMARK [1][-]{section.5}{\376\377\000A\000C\000-\000O\000P\000F}{}% 33
\BOOKMARK [2][-]{subsection.5.1}{\376\377\000D\000e\000c\000i\000s\000i\000o\000n\000\040\000v\000a\000r\000i\000a\000b\000l\000e\000s}{section.5}% 34
\BOOKMARK [2][-]{subsection.5.2}{\376\377\000O\000b\000j\000e\000c\000t\000i\000v\000e\000\040\000f\000u\000n\000c\000t\000i\000o\000n}{section.5}% 35
\BOOKMARK [3][-]{subsubsection.5.2.1}{\376\377\000O\000b\000j\000e\000c\000t\000i\000v\000e\000\040\000f\000u\000n\000c\000t\000i\000o\000n\000\040\000g\000r\000a\000d\000i\000e\000n\000t}{subsection.5.2}% 36
\BOOKMARK [3][-]{subsubsection.5.2.2}{\376\377\000O\000b\000j\000e\000c\000t\000i\000v\000e\000\040\000f\000u\000n\000c\000t\000i\000o\000n\000\040\000h\000e\000s\000s\000i\000a\000n}{subsection.5.2}% 37
\BOOKMARK [2][-]{subsection.5.3}{\376\377\000E\000q\000u\000a\000l\000i\000t\000y\000\040\000c\000o\000n\000s\000t\000r\000a\000i\000n\000t\000s}{section.5}% 38
\BOOKMARK [3][-]{subsubsection.5.3.1}{\376\377\000F\000i\000r\000s\000t\000\040\000d\000e\000r\000i\000v\000a\000t\000i\000v\000e\000s\000\040\000o\000f\000\040\000G}{subsection.5.3}% 39
\BOOKMARK [3][-]{subsubsection.5.3.2}{\376\377\000S\000e\000c\000o\000n\000d\000\040\000d\000e\000r\000i\000v\000a\000t\000i\000v\000e\000s\000\040\000o\000f\000\040\000G}{subsection.5.3}% 40
\BOOKMARK [2][-]{subsection.5.4}{\376\377\000I\000n\000e\000q\000u\000a\000l\000i\000t\000y\000\040\000c\000o\000n\000s\000t\000r\000a\000i\000n\000t\000s}{section.5}% 41
\BOOKMARK [1][-]{section.6}{\376\377\000R\000e\000s\000u\000l\000t\000s}{}% 42
\BOOKMARK [2][-]{subsection.6.1}{\376\377\000E\000r\000r\000o\000r\000\040\000e\000v\000o\000l\000u\000t\000i\000o\000n}{section.6}% 43
\BOOKMARK [3][-]{subsubsection.6.1.1}{\376\377\000C\000a\000s\000e\000\040\0009\000-\000b\000u\000s}{subsection.6.1}% 44
\BOOKMARK [3][-]{subsubsection.6.1.2}{\376\377\000C\000a\000s\000e\000\040\000P\000e\000g\000a\000s\000e\0008\0009}{subsection.6.1}% 45
\BOOKMARK [3][-]{subsubsection.6.1.3}{\376\377\000C\000a\000s\000e\000\040\0003\0000\0000}{subsection.6.1}% 46
\BOOKMARK [3][-]{subsubsection.6.1.4}{\376\377\000C\000a\000s\000e\000\040\000G\000B}{subsection.6.1}% 47
\BOOKMARK [2][-]{subsection.6.2}{\376\377\000E\000f\000f\000e\000c\000t\000\040\000o\000f\000\040\000t\000a\000p\000\040\000v\000a\000r\000i\000a\000b\000l\000e\000s\000\040\000c\000o\000n\000t\000r\000o\000l\000\040\000-\000\040\000C\000a\000s\000e\000\040\000I\000E\000E\000E\0001\0004}{section.6}% 48
\BOOKMARK [2][-]{subsection.6.3}{\376\377\000E\000f\000f\000e\000c\000t\000\040\000o\000f\000\040\000r\000e\000a\000c\000t\000i\000v\000e\000\040\000c\000o\000n\000t\000r\000o\000l}{section.6}% 49
\BOOKMARK [2][-]{subsection.6.4}{\376\377\000D\000C\000\040\000l\000i\000n\000k\000\040\000a\000n\000d\000\040\000d\000u\000a\000l\000\040\000p\000r\000i\000c\000e\000\040\000s\000t\000u\000d\000y}{section.6}% 50
\BOOKMARK [2][-]{subsection.6.5}{\376\377\000R\000u\000n\000t\000i\000m\000e\000\040\000c\000o\000m\000p\000a\000r\000i\000s\000o\000n}{section.6}% 51
\BOOKMARK [1][-]{section.7}{\376\377\000C\000o\000n\000c\000l\000u\000s\000i\000o\000n}{}% 52
\BOOKMARK [2][-]{subsection.7.1}{\376\377\000F\000u\000r\000t\000h\000e\000r\000\040\000W\000o\000r\000k}{section.7}% 53
\BOOKMARK [1][-]{subsection.7.1}{\376\377\000A\000c\000k\000n\000o\000w\000l\000e\000d\000g\000m\000e\000n\000t\000s}{}% 54
\BOOKMARK [1][-]{appendix.A}{\376\377\000E\000n\000v\000i\000r\000o\000n\000m\000e\000n\000t\000a\000l\000,\000\040\000S\000o\000c\000i\000a\000l\000,\000\040\000a\000n\000d\000\040\000G\000e\000n\000d\000e\000r\000\040\000I\000m\000p\000a\000c\000t}{}% 55
\BOOKMARK [2][-]{subsection.A.1}{\376\377\000E\000n\000v\000i\000r\000o\000n\000m\000e\000n\000t\000a\000l\000\040\000I\000m\000p\000a\000c\000t}{appendix.A}% 56
\BOOKMARK [2][-]{subsection.A.2}{\376\377\000S\000o\000c\000i\000a\000l\000\040\000I\000m\000p\000a\000c\000t}{appendix.A}% 57
\BOOKMARK [1][-]{appendix.B}{\376\377\000T\000i\000m\000e\000\040\000P\000l\000a\000n\000n\000i\000n\000g}{}% 58
\BOOKMARK [1][-]{appendix.C}{\376\377\000B\000u\000d\000g\000e\000t}{}% 59
